  Game.cpp
C:\Users\Mony\Desktop\project\Project\ZOMBIE\ZOMBIE\Game.cpp(284,15): warning C4244: 'initializing': conversion from 'T' to 'int', possible loss of data
          with
          [
              T=float
          ]
C:\Users\Mony\Desktop\project\Project\ZOMBIE\ZOMBIE\Game.cpp(285,16): warning C4244: 'initializing': conversion from 'T' to 'int', possible loss of data
          with
          [
              T=float
          ]
C:\Users\Mony\Desktop\project\Project\ZOMBIE\ZOMBIE\Game.cpp(286,14): warning C4244: 'initializing': conversion from 'T' to 'int', possible loss of data
          with
          [
              T=float
          ]
C:\Users\Mony\Desktop\project\Project\ZOMBIE\ZOMBIE\Game.cpp(287,17): warning C4244: 'initializing': conversion from 'T' to 'int', possible loss of data
          with
          [
              T=float
          ]
  ZOMBIE.vcxproj -> C:\Users\Mony\Desktop\project\Project\ZOMBIE\Debug\ZOMBIE.exe
